2026-04-09 14:42:56 [main] INFO  ua.university.service.PersistenceService - No data directory found, starting fresh
2026-04-09 14:42:56 [main] INFO  ua.university.service.AutoSaveService - Auto-save started, interval=120s
2026-04-09 14:44:56 [auto-save] INFO  ua.university.service.AutoSaveService - Auto-save triggered
2026-04-09 14:44:56 [auto-save] INFO  ua.university.service.PersistenceService - Data saved successfully to C:\Users\Asus\Downloads\ProjectMariaAndDiana-checkpoint2-3\data
2026-04-09 14:46:56 [auto-save] INFO  ua.university.service.AutoSaveService - Auto-save triggered
2026-04-09 14:46:56 [auto-save] INFO  ua.university.service.PersistenceService - Data saved successfully to C:\Users\Asus\Downloads\ProjectMariaAndDiana-checkpoint2-3\data
2026-04-09 14:48:56 [auto-save] INFO  ua.university.service.AutoSaveService - Auto-save triggered
2026-04-09 14:48:56 [auto-save] INFO  ua.university.service.PersistenceService - Data saved successfully to C:\Users\Asus\Downloads\ProjectMariaAndDiana-checkpoint2-3\data
2026-04-09 14:50:56 [auto-save] INFO  ua.university.service.AutoSaveService - Auto-save triggered
2026-04-09 14:50:56 [auto-save] INFO  ua.university.service.PersistenceService - Data saved successfully to C:\Users\Asus\Downloads\ProjectMariaAndDiana-checkpoint2-3\data
2026-04-09 14:52:56 [auto-save] INFO  ua.university.service.AutoSaveService - Auto-save triggered
2026-04-09 14:52:56 [auto-save] INFO  ua.university.service.PersistenceService - Data saved successfully to C:\Users\Asus\Downloads\ProjectMariaAndDiana-checkpoint2-3\data
2026-04-09 14:54:56 [auto-save] INFO  ua.university.service.AutoSaveService - Auto-save triggered
2026-04-09 14:54:56 [auto-save] INFO  ua.university.service.PersistenceService - Data saved successfully to C:\Users\Asus\Downloads\ProjectMariaAndDiana-checkpoint2-3\data
2026-04-09 14:56:56 [auto-save] INFO  ua.university.service.AutoSaveService - Auto-save triggered
2026-04-09 14:56:56 [auto-save] INFO  ua.university.service.PersistenceService - Data saved successfully to C:\Users\Asus\Downloads\ProjectMariaAndDiana-checkpoint2-3\data
2026-04-09 14:58:56 [auto-save] INFO  ua.university.service.AutoSaveService - Auto-save triggered
2026-04-09 14:58:56 [auto-save] INFO  ua.university.service.PersistenceService - Data saved successfully to C:\Users\Asus\Downloads\ProjectMariaAndDiana-checkpoint2-3\data
2026-04-09 15:03:24 [main] INFO  ua.university.service.PersistenceService - Data loaded from C:\Users\Asus\Desktop\ProjectMariaAndDiana\data
2026-04-09 15:03:24 [main] INFO  ua.university.service.AutoSaveService - Auto-save started, interval=120s
2026-04-09 15:03:32 [main] INFO  ua.university.auth.AuthService - User logged in: admin with role ADMIN
2026-04-09 15:05:24 [auto-save] INFO  ua.university.service.AutoSaveService - Auto-save triggered
2026-04-09 15:05:24 [auto-save] INFO  ua.university.service.PersistenceService - Data saved successfully to C:\Users\Asus\Desktop\ProjectMariaAndDiana\data
2026-04-09 15:07:24 [auto-save] INFO  ua.university.service.AutoSaveService - Auto-save triggered
2026-04-09 15:07:24 [auto-save] INFO  ua.university.service.PersistenceService - Data saved successfully to C:\Users\Asus\Desktop\ProjectMariaAndDiana\data
2026-04-09 15:09:24 [auto-save] INFO  ua.university.service.AutoSaveService - Auto-save triggered
2026-04-09 15:09:24 [auto-save] INFO  ua.university.service.PersistenceService - Data saved successfully to C:\Users\Asus\Desktop\ProjectMariaAndDiana\data
2026-04-09 15:11:24 [auto-save] INFO  ua.university.service.AutoSaveService - Auto-save triggered
2026-04-09 15:11:24 [auto-save] INFO  ua.university.service.PersistenceService - Data saved successfully to C:\Users\Asus\Desktop\ProjectMariaAndDiana\data
2026-04-09 15:13:24 [auto-save] INFO  ua.university.service.AutoSaveService - Auto-save triggered
2026-04-09 15:13:24 [auto-save] INFO  ua.university.service.PersistenceService - Data saved successfully to C:\Users\Asus\Desktop\ProjectMariaAndDiana\data
2026-04-09 15:15:24 [auto-save] INFO  ua.university.service.AutoSaveService - Auto-save triggered
2026-04-09 15:15:24 [auto-save] INFO  ua.university.service.PersistenceService - Data saved successfully to C:\Users\Asus\Desktop\ProjectMariaAndDiana\data
2026-04-09 15:17:24 [main] ERROR ua.university.service.PersistenceService - Failed to load data
com.fasterxml.jackson.databind.exc.UnrecognizedPropertyException: Unrecognized field "headId" (class ua.university.domain.Department), not marked as ignorable (5 known properties: "facultyCode", "name", "code", "headTeacherId", "location"])
 at [Source: (File); line: 2, column: 106] (through reference chain: java.util.ArrayList[0]->ua.university.domain.Department["headId"])
	at com.fasterxml.jackson.databind.exc.UnrecognizedPropertyException.from(UnrecognizedPropertyException.java:61) ~[jackson-databind-2.15.2.jar:2.15.2]
	at com.fasterxml.jackson.databind.DeserializationContext.handleUnknownProperty(DeserializationContext.java:1138) ~[jackson-databind-2.15.2.jar:2.15.2]
	at com.fasterxml.jackson.databind.deser.std.StdDeserializer.handleUnknownProperty(StdDeserializer.java:2224) ~[jackson-databind-2.15.2.jar:2.15.2]
	at com.fasterxml.jackson.databind.deser.BeanDeserializerBase.handleUnknownProperty(BeanDeserializerBase.java:1709) ~[jackson-databind-2.15.2.jar:2.15.2]
	at com.fasterxml.jackson.databind.deser.BeanDeserializerBase.handleUnknownVanilla(BeanDeserializerBase.java:1687) ~[jackson-databind-2.15.2.jar:2.15.2]
	at com.fasterxml.jackson.databind.deser.BeanDeserializer.vanillaDeserialize(BeanDeserializer.java:320) ~[jackson-databind-2.15.2.jar:2.15.2]
	at com.fasterxml.jackson.databind.deser.BeanDeserializer.deserialize(BeanDeserializer.java:177) ~[jackson-databind-2.15.2.jar:2.15.2]
	at com.fasterxml.jackson.databind.deser.std.CollectionDeserializer._deserializeFromArray(CollectionDeserializer.java:359) ~[jackson-databind-2.15.2.jar:2.15.2]
	at com.fasterxml.jackson.databind.deser.std.CollectionDeserializer.deserialize(CollectionDeserializer.java:244) ~[jackson-databind-2.15.2.jar:2.15.2]
	at com.fasterxml.jackson.databind.deser.std.CollectionDeserializer.deserialize(CollectionDeserializer.java:28) ~[jackson-databind-2.15.2.jar:2.15.2]
	at com.fasterxml.jackson.databind.deser.DefaultDeserializationContext.readRootValue(DefaultDeserializationContext.java:323) ~[jackson-databind-2.15.2.jar:2.15.2]
	at com.fasterxml.jackson.databind.ObjectMapper._readMapAndClose(ObjectMapper.java:4825) ~[jackson-databind-2.15.2.jar:2.15.2]
	at com.fasterxml.jackson.databind.ObjectMapper.readValue(ObjectMapper.java:3677) ~[jackson-databind-2.15.2.jar:2.15.2]
	at ua.university.service.PersistenceService.loadAll(PersistenceService.java:62) [classes/:?]
	at ua.university.ui.ConsoleMenu.start(ConsoleMenu.java:24) [classes/:?]
	at ua.university.Main.main(Main.java:8) [classes/:?]
2026-04-09 15:17:24 [main] INFO  ua.university.service.AutoSaveService - Auto-save started, interval=120s
2026-04-09 15:17:31 [main] INFO  ua.university.auth.AuthService - User logged in: admin with role ADMIN
2026-04-09 15:19:12 [main] ERROR ua.university.service.PersistenceService - Failed to load data
com.fasterxml.jackson.databind.exc.InvalidTypeIdException: Could not resolve subtype of [simple type, class ua.university.domain.Student]: missing type id property 'type'
 at [Source: (File); line: 15, column: 3] (through reference chain: java.util.ArrayList[0])
	at com.fasterxml.jackson.databind.exc.InvalidTypeIdException.from(InvalidTypeIdException.java:43) ~[jackson-databind-2.15.2.jar:2.15.2]
	at com.fasterxml.jackson.databind.DeserializationContext.missingTypeIdException(DeserializationContext.java:2094) ~[jackson-databind-2.15.2.jar:2.15.2]
	at com.fasterxml.jackson.databind.DeserializationContext.handleMissingTypeId(DeserializationContext.java:1607) ~[jackson-databind-2.15.2.jar:2.15.2]
	at com.fasterxml.jackson.databind.jsontype.impl.TypeDeserializerBase._handleMissingTypeId(TypeDeserializerBase.java:307) ~[jackson-databind-2.15.2.jar:2.15.2]
	at com.fasterxml.jackson.databind.jsontype.impl.AsPropertyTypeDeserializer._deserializeTypedUsingDefaultImpl(AsPropertyTypeDeserializer.java:211) ~[jackson-databind-2.15.2.jar:2.15.2]
	at com.fasterxml.jackson.databind.jsontype.impl.AsPropertyTypeDeserializer.deserializeTypedFromObject(AsPropertyTypeDeserializer.java:145) ~[jackson-databind-2.15.2.jar:2.15.2]
	at com.fasterxml.jackson.databind.deser.BeanDeserializerBase.deserializeWithType(BeanDeserializerBase.java:1296) ~[jackson-databind-2.15.2.jar:2.15.2]
	at com.fasterxml.jackson.databind.deser.std.CollectionDeserializer._deserializeFromArray(CollectionDeserializer.java:361) ~[jackson-databind-2.15.2.jar:2.15.2]
	at com.fasterxml.jackson.databind.deser.std.CollectionDeserializer.deserialize(CollectionDeserializer.java:244) ~[jackson-databind-2.15.2.jar:2.15.2]
	at com.fasterxml.jackson.databind.deser.std.CollectionDeserializer.deserialize(CollectionDeserializer.java:28) ~[jackson-databind-2.15.2.jar:2.15.2]
	at com.fasterxml.jackson.databind.deser.DefaultDeserializationContext.readRootValue(DefaultDeserializationContext.java:323) ~[jackson-databind-2.15.2.jar:2.15.2]
	at com.fasterxml.jackson.databind.ObjectMapper._readMapAndClose(ObjectMapper.java:4825) ~[jackson-databind-2.15.2.jar:2.15.2]
	at com.fasterxml.jackson.databind.ObjectMapper.readValue(ObjectMapper.java:3677) ~[jackson-databind-2.15.2.jar:2.15.2]
	at ua.university.service.PersistenceService.loadAll(PersistenceService.java:68) [classes/:?]
	at ua.university.ui.ConsoleMenu.start(ConsoleMenu.java:24) [classes/:?]
	at ua.university.Main.main(Main.java:8) [classes/:?]
2026-04-09 15:19:12 [main] INFO  ua.university.service.AutoSaveService - Auto-save started, interval=120s
2026-04-09 15:22:04 [main] ERROR ua.university.service.PersistenceService - Failed to load data
com.fasterxml.jackson.databind.exc.MismatchedInputException: Cannot deserialize value of type `java.util.ArrayList<ua.university.domain.Faculty>` from Object value (token `JsonToken.START_OBJECT`)
 at [Source: (File); line: 1, column: 2]
	at com.fasterxml.jackson.databind.exc.MismatchedInputException.from(MismatchedInputException.java:59) ~[jackson-databind-2.15.2.jar:2.15.2]
	at com.fasterxml.jackson.databind.DeserializationContext.reportInputMismatch(DeserializationContext.java:1752) ~[jackson-databind-2.15.2.jar:2.15.2]
	at com.fasterxml.jackson.databind.DeserializationContext.handleUnexpectedToken(DeserializationContext.java:1526) ~[jackson-databind-2.15.2.jar:2.15.2]
	at com.fasterxml.jackson.databind.DeserializationContext.handleUnexpectedToken(DeserializationContext.java:1473) ~[jackson-databind-2.15.2.jar:2.15.2]
	at com.fasterxml.jackson.databind.deser.std.CollectionDeserializer.handleNonArray(CollectionDeserializer.java:396) ~[jackson-databind-2.15.2.jar:2.15.2]
	at com.fasterxml.jackson.databind.deser.std.CollectionDeserializer.deserialize(CollectionDeserializer.java:252) ~[jackson-databind-2.15.2.jar:2.15.2]
	at com.fasterxml.jackson.databind.deser.std.CollectionDeserializer.deserialize(CollectionDeserializer.java:28) ~[jackson-databind-2.15.2.jar:2.15.2]
	at com.fasterxml.jackson.databind.deser.DefaultDeserializationContext.readRootValue(DefaultDeserializationContext.java:323) ~[jackson-databind-2.15.2.jar:2.15.2]
	at com.fasterxml.jackson.databind.ObjectMapper._readMapAndClose(ObjectMapper.java:4825) ~[jackson-databind-2.15.2.jar:2.15.2]
	at com.fasterxml.jackson.databind.ObjectMapper.readValue(ObjectMapper.java:3677) ~[jackson-databind-2.15.2.jar:2.15.2]
	at ua.university.service.PersistenceService.loadAll(PersistenceService.java:56) [classes/:?]
	at ua.university.ui.ConsoleMenu.start(ConsoleMenu.java:24) [classes/:?]
	at ua.university.Main.main(Main.java:8) [classes/:?]
2026-04-09 15:22:04 [main] INFO  ua.university.service.AutoSaveService - Auto-save started, interval=120s
2026-04-09 15:23:00 [main] INFO  ua.university.service.PersistenceService - Data loaded from C:\Users\Asus\Desktop\ProjectMariaAndDiana\data
2026-04-09 15:23:00 [main] INFO  ua.university.service.AutoSaveService - Auto-save started, interval=120s
2026-04-09 15:23:07 [main] INFO  ua.university.auth.AuthService - User logged in: admin with role ADMIN
2026-04-09 15:59:33 [main] ERROR ua.university.service.PersistenceService - Failed to load data
com.fasterxml.jackson.databind.exc.MismatchedInputException: Cannot deserialize value of type `ua.university.domain.University` from Array value (token `JsonToken.START_ARRAY`)
 at [Source: (File); line: 1, column: 1]
	at com.fasterxml.jackson.databind.exc.MismatchedInputException.from(MismatchedInputException.java:59) ~[jackson-databind-2.15.2.jar:2.15.2]
	at com.fasterxml.jackson.databind.DeserializationContext.reportInputMismatch(DeserializationContext.java:1752) ~[jackson-databind-2.15.2.jar:2.15.2]
	at com.fasterxml.jackson.databind.DeserializationContext.handleUnexpectedToken(DeserializationContext.java:1526) ~[jackson-databind-2.15.2.jar:2.15.2]
	at com.fasterxml.jackson.databind.DeserializationContext.handleUnexpectedToken(DeserializationContext.java:1473) ~[jackson-databind-2.15.2.jar:2.15.2]
	at com.fasterxml.jackson.databind.deser.BeanDeserializer._deserializeFromArray(BeanDeserializer.java:656) ~[jackson-databind-2.15.2.jar:2.15.2]
	at com.fasterxml.jackson.databind.deser.BeanDeserializer._deserializeOther(BeanDeserializer.java:211) ~[jackson-databind-2.15.2.jar:2.15.2]
	at com.fasterxml.jackson.databind.deser.BeanDeserializer.deserialize(BeanDeserializer.java:187) ~[jackson-databind-2.15.2.jar:2.15.2]
	at com.fasterxml.jackson.databind.deser.DefaultDeserializationContext.readRootValue(DefaultDeserializationContext.java:323) ~[jackson-databind-2.15.2.jar:2.15.2]
	at com.fasterxml.jackson.databind.ObjectMapper._readMapAndClose(ObjectMapper.java:4825) ~[jackson-databind-2.15.2.jar:2.15.2]
	at com.fasterxml.jackson.databind.ObjectMapper.readValue(ObjectMapper.java:3637) ~[jackson-databind-2.15.2.jar:2.15.2]
	at ua.university.service.PersistenceService.loadAll(PersistenceService.java:51) [classes/:?]
	at ua.university.ui.ConsoleMenu.start(ConsoleMenu.java:24) [classes/:?]
	at ua.university.Main.main(Main.java:8) [classes/:?]
2026-04-09 15:59:33 [main] INFO  ua.university.service.AutoSaveService - Auto-save started, interval=120s
2026-04-09 16:01:14 [main] INFO  ua.university.service.PersistenceService - Data loaded from C:\Users\Asus\Desktop\ProjectMariaAndDiana\data
2026-04-09 16:01:14 [main] INFO  ua.university.service.AutoSaveService - Auto-save started, interval=120s
2026-04-09 16:01:20 [main] INFO  ua.university.auth.AuthService - User logged in: admin with role ADMIN
2026-04-09 16:02:37 [main] INFO  ua.university.service.PersistenceService - Data loaded from C:\Users\Asus\Desktop\ProjectMariaAndDiana\data
2026-04-09 16:02:37 [main] INFO  ua.university.service.AutoSaveService - Auto-save started, interval=120s
2026-04-09 16:02:43 [main] INFO  ua.university.auth.AuthService - User logged in: admin with role ADMIN
2026-04-09 16:04:27 [main] INFO  ua.university.service.PersistenceService - Data loaded from C:\Users\Asus\Desktop\ProjectMariaAndDiana\data
2026-04-09 16:04:27 [main] INFO  ua.university.service.AutoSaveService - Auto-save started, interval=120s
2026-04-09 16:04:34 [main] INFO  ua.university.auth.AuthService - User logged in: admin with role ADMIN
